make[1]: Nothing to be done for 'Makefile'.
make[1]: Leaving directory '/home/xuegwu/work/Reading-and-comprehense-redis-cluster/redis-3.0/src'
cd src && make all
make[1]: Entering directory '/home/xuegwu/work/Reading-and-comprehense-redis-cluster/redis-3.0/src'
 
touch .make-prerequisites
printf '    %b %b\n' "\033[34m"CC"\033[0m" "\033[33m"adlist.o"\033[0m" 1>&2;cc -std=c99 -pedantic -Wall -O2 -g -ggdb   -I../deps/hiredis -I../deps/linenoise -I../deps/lua/src -DUSE_JEMALLOC -I../deps/jemalloc/include -c adlist.c
printf '    %b %b\n' "\033[34m"CC"\033[0m" "\033[33m"ae.o"\033[0m" 1>&2;cc -std=c99 -pedantic -Wall -O2 -g -ggdb   -I../deps/hiredis -I../deps/linenoise -I../deps/lua/src -DUSE_JEMALLOC -I../deps/jemalloc/include -c ae.c
printf '    %b %b\n' "\033[34m"CC"\033[0m" "\033[33m"anet.o"\033[0m" 1>&2;cc -std=c99 -pedantic -Wall -O2 -g -ggdb   -I../deps/hiredis -I../deps/linenoise -I../deps/lua/src -DUSE_JEMALLOC -I../deps/jemalloc/include -c anet.c
printf '    %b %b\n' "\033[34m"CC"\033[0m" "\033[33m"dict.o"\033[0m" 1>&2;cc -std=c99 -pedantic -Wall -O2 -g -ggdb   -I../deps/hiredis -I../deps/linenoise -I../deps/lua/src -DUSE_JEMALLOC -I../deps/jemalloc/include -c dict.c
printf '    %b %b\n' "\033[34m"CC"\033[0m" "\033[33m"redis.o"\033[0m" 1>&2;cc -std=c99 -pedantic -Wall -O2 -g -ggdb   -I../deps/hiredis -I../deps/linenoise -I../deps/lua/src -DUSE_JEMALLOC -I../deps/jemalloc/include -c redis.c
printf '    %b %b\n' "\033[34m"CC"\033[0m" "\033[33m"sds.o"\033[0m" 1>&2;cc -std=c99 -pedantic -Wall -O2 -g -ggdb   -I../deps/hiredis -I../deps/linenoise -I../deps/lua/src -DUSE_JEMALLOC -I../deps/jemalloc/include -c sds.c
printf '    %b %b\n' "\033[34m"CC"\033[0m" "\033[33m"zmalloc.o"\033[0m" 1>&2;cc -std=c99 -pedantic -Wall -O2 -g -ggdb   -I../deps/hiredis -I../deps/linenoise -I../deps/lua/src -DUSE_JEMALLOC -I../deps/jemalloc/include -c zmalloc.c
printf '    %b %b\n' "\033[34m"CC"\033[0m" "\033[33m"lzf_c.o"\033[0m" 1>&2;cc -std=c99 -pedantic -Wall -O2 -g -ggdb   -I../deps/hiredis -I../deps/linenoise -I../deps/lua/src -DUSE_JEMALLOC -I../deps/jemalloc/include -c lzf_c.c
printf '    %b %b\n' "\033[34m"CC"\033[0m" "\033[33m"lzf_d.o"\033[0m" 1>&2;cc -std=c99 -pedantic -Wall -O2 -g -ggdb   -I../deps/hiredis -I../deps/linenoise -I../deps/lua/src -DUSE_JEMALLOC -I../deps/jemalloc/include -c lzf_d.c
printf '    %b %b\n' "\033[34m"CC"\033[0m" "\033[33m"pqsort.o"\033[0m" 1>&2;cc -std=c99 -pedantic -Wall -O2 -g -ggdb   -I../deps/hiredis -I../deps/linenoise -I../deps/lua/src -DUSE_JEMALLOC -I../deps/jemalloc/include -c pqsort.c
printf '    %b %b\n' "\033[34m"CC"\033[0m" "\033[33m"zipmap.o"\033[0m" 1>&2;cc -std=c99 -pedantic -Wall -O2 -g -ggdb   -I../deps/hiredis -I../deps/linenoise -I../deps/lua/src -DUSE_JEMALLOC -I../deps/jemalloc/include -c zipmap.c
printf '    %b %b\n' "\033[34m"CC"\033[0m" "\033[33m"sha1.o"\033[0m" 1>&2;cc -std=c99 -pedantic -Wall -O2 -g -ggdb   -I../deps/hiredis -I../deps/linenoise -I../deps/lua/src -DUSE_JEMALLOC -I../deps/jemalloc/include -c sha1.c
printf '    %b %b\n' "\033[34m"CC"\033[0m" "\033[33m"ziplist.o"\033[0m" 1>&2;cc -std=c99 -pedantic -Wall -O2 -g -ggdb   -I../deps/hiredis -I../deps/linenoise -I../deps/lua/src -DUSE_JEMALLOC -I../deps/jemalloc/include -c ziplist.c
printf '    %b %b\n' "\033[34m"CC"\033[0m" "\033[33m"release.o"\033[0m" 1>&2;cc -std=c99 -pedantic -Wall -O2 -g -ggdb   -I../deps/hiredis -I../deps/linenoise -I../deps/lua/src -DUSE_JEMALLOC -I../deps/jemalloc/include -c release.c
printf '    %b %b\n' "\033[34m"CC"\033[0m" "\033[33m"networking.o"\033[0m" 1>&2;cc -std=c99 -pedantic -Wall -O2 -g -ggdb   -I../deps/hiredis -I../deps/linenoise -I../deps/lua/src -DUSE_JEMALLOC -I../deps/jemalloc/include -c networking.c
printf '    %b %b\n' "\033[34m"CC"\033[0m" "\033[33m"util.o"\033[0m" 1>&2;cc -std=c99 -pedantic -Wall -O2 -g -ggdb   -I../deps/hiredis -I../deps/linenoise -I../deps/lua/src -DUSE_JEMALLOC -I../deps/jemalloc/include -c util.c
 
printf '    %b %b\n' "\033[34m"CC"\033[0m" "\033[33m"object.o"\033[0m" 1>&2;cc -std=c99 -pedantic -Wall -O2 -g -ggdb   -I../deps/hiredis -I../deps/linenoise -I../deps/lua/src -DUSE_JEMALLOC -I../deps/jemalloc/include -c object.c
 
printf '    %b %b\n' "\033[34m"CC"\033[0m" "\033[33m"db.o"\033[0m" 1>&2;cc -std=c99 -pedantic -Wall -O2 -g -ggdb   -I../deps/hiredis -I../deps/linenoise -I../deps/lua/src -DUSE_JEMALLOC -I../deps/jemalloc/include -c db.c
 
printf '    %b %b\n' "\033[34m"CC"\033[0m" "\033[33m"replication.o"\033[0m" 1>&2;cc -std=c99 -pedantic -Wall -O2 -g -ggdb   -I../deps/hiredis -I../deps/linenoise -I../deps/lua/src -DUSE_JEMALLOC -I../deps/jemalloc/include -c replication.c
 
printf '    %b %b\n' "\033[34m"CC"\033[0m" "\033[33m"rdb.o"\033[0m" 1>&2;cc -std=c99 -pedantic -Wall -O2 -g -ggdb   -I../deps/hiredis -I../deps/linenoise -I../deps/lua/src -DUSE_JEMALLOC -I../deps/jemalloc/include -c rdb.c
 
printf '    %b %b\n' "\033[34m"CC"\033[0m" "\033[33m"t_string.o"\033[0m" 1>&2;cc -std=c99 -pedantic -Wall -O2 -g -ggdb   -I../deps/hiredis -I../deps/linenoise -I../deps/lua/src -DUSE_JEMALLOC -I../deps/jemalloc/include -c t_string.c
 
printf '    %b %b\n' "\033[34m"CC"\033[0m" "\033[33m"t_list.o"\033[0m" 1>&2;cc -std=c99 -pedantic -Wall -O2 -g -ggdb   -I../deps/hiredis -I../deps/linenoise -I../deps/lua/src -DUSE_JEMALLOC -I../deps/jemalloc/include -c t_list.c
 
printf '    %b %b\n' "\033[34m"CC"\033[0m" "\033[33m"t_set.o"\033[0m" 1>&2;cc -std=c99 -pedantic -Wall -O2 -g -ggdb   -I../deps/hiredis -I../deps/linenoise -I../deps/lua/src -DUSE_JEMALLOC -I../deps/jemalloc/include -c t_set.c
 
printf '    %b %b\n' "\033[34m"CC"\033[0m" "\033[33m"t_zset.o"\033[0m" 1>&2;cc -std=c99 -pedantic -Wall -O2 -g -ggdb   -I../deps/hiredis -I../deps/linenoise -I../deps/lua/src -DUSE_JEMALLOC -I../deps/jemalloc/include -c t_zset.c
 
printf '    %b %b\n' "\033[34m"CC"\033[0m" "\033[33m"t_hash.o"\033[0m" 1>&2;cc -std=c99 -pedantic -Wall -O2 -g -ggdb   -I../deps/hiredis -I../deps/linenoise -I../deps/lua/src -DUSE_JEMALLOC -I../deps/jemalloc/include -c t_hash.c
 
printf '    %b %b\n' "\033[34m"CC"\033[0m" "\033[33m"config.o"\033[0m" 1>&2;cc -std=c99 -pedantic -Wall -O2 -g -ggdb   -I../deps/hiredis -I../deps/linenoise -I../deps/lua/src -DUSE_JEMALLOC -I../deps/jemalloc/include -c config.c
 
printf '    %b %b\n' "\033[34m"CC"\033[0m" "\033[33m"aof.o"\033[0m" 1>&2;cc -std=c99 -pedantic -Wall -O2 -g -ggdb   -I../deps/hiredis -I../deps/linenoise -I../deps/lua/src -DUSE_JEMALLOC -I../deps/jemalloc/include -c aof.c
 
printf '    %b %b\n' "\033[34m"CC"\033[0m" "\033[33m"pubsub.o"\033[0m" 1>&2;cc -std=c99 -pedantic -Wall -O2 -g -ggdb   -I../deps/hiredis -I../deps/linenoise -I../deps/lua/src -DUSE_JEMALLOC -I../deps/jemalloc/include -c pubsub.c
printf '    %b %b\n' "\033[34m"CC"\033[0m" "\033[33m"multi.o"\033[0m" 1>&2;cc -std=c99 -pedantic -Wall -O2 -g -ggdb   -I../deps/hiredis -I../deps/linenoise -I../deps/lua/src -DUSE_JEMALLOC -I../deps/jemalloc/include -c multi.c
printf '    %b %b\n' "\033[34m"CC"\033[0m" "\033[33m"debug.o"\033[0m" 1>&2;cc -std=c99 -pedantic -Wall -O2 -g -ggdb   -I../deps/hiredis -I../deps/linenoise -I../deps/lua/src -DUSE_JEMALLOC -I../deps/jemalloc/include -c debug.c
printf '    %b %b\n' "\033[34m"CC"\033[0m" "\033[33m"sort.o"\033[0m" 1>&2;cc -std=c99 -pedantic -Wall -O2 -g -ggdb   -I../deps/hiredis -I../deps/linenoise -I../deps/lua/src -DUSE_JEMALLOC -I../deps/jemalloc/include -c sort.c
printf '    %b %b\n' "\033[34m"CC"\033[0m" "\033[33m"intset.o"\033[0m" 1>&2;cc -std=c99 -pedantic -Wall -O2 -g -ggdb   -I../deps/hiredis -I../deps/linenoise -I../deps/lua/src -DUSE_JEMALLOC -I../deps/jemalloc/include -c intset.c
printf '    %b %b\n' "\033[34m"CC"\033[0m" "\033[33m"syncio.o"\033[0m" 1>&2;cc -std=c99 -pedantic -Wall -O2 -g -ggdb   -I../deps/hiredis -I../deps/linenoise -I../deps/lua/src -DUSE_JEMALLOC -I../deps/jemalloc/include -c syncio.c
printf '    %b %b\n' "\033[34m"CC"\033[0m" "\033[33m"cluster.o"\033[0m" 1>&2;cc -std=c99 -pedantic -Wall -O2 -g -ggdb   -I../deps/hiredis -I../deps/linenoise -I../deps/lua/src -DUSE_JEMALLOC -I../deps/jemalloc/include -c cluster.c
printf '    %b %b\n' "\033[34m"CC"\033[0m" "\033[33m"crc16.o"\033[0m" 1>&2;cc -std=c99 -pedantic -Wall -O2 -g -ggdb   -I../deps/hiredis -I../deps/linenoise -I../deps/lua/src -DUSE_JEMALLOC -I../deps/jemalloc/include -c crc16.c
printf '    %b %b\n' "\033[34m"CC"\033[0m" "\033[33m"endianconv.o"\033[0m" 1>&2;cc -std=c99 -pedantic -Wall -O2 -g -ggdb   -I../deps/hiredis -I../deps/linenoise -I../deps/lua/src -DUSE_JEMALLOC -I../deps/jemalloc/include -c endianconv.c
printf '    %b %b\n' "\033[34m"CC"\033[0m" "\033[33m"slowlog.o"\033[0m" 1>&2;cc -std=c99 -pedantic -Wall -O2 -g -ggdb   -I../deps/hiredis -I../deps/linenoise -I../deps/lua/src -DUSE_JEMALLOC -I../deps/jemalloc/include -c slowlog.c
printf '    %b %b\n' "\033[34m"CC"\033[0m" "\033[33m"scripting.o"\033[0m" 1>&2;cc -std=c99 -pedantic -Wall -O2 -g -ggdb   -I../deps/hiredis -I../deps/linenoise -I../deps/lua/src -DUSE_JEMALLOC -I../deps/jemalloc/include -c scripting.c
printf '    %b %b\n' "\033[34m"CC"\033[0m" "\033[33m"bio.o"\033[0m" 1>&2;cc -std=c99 -pedantic -Wall -O2 -g -ggdb   -I../deps/hiredis -I../deps/linenoise -I../deps/lua/src -DUSE_JEMALLOC -I../deps/jemalloc/include -c bio.c
printf '    %b %b\n' "\033[34m"CC"\033[0m" "\033[33m"rio.o"\033[0m" 1>&2;cc -std=c99 -pedantic -Wall -O2 -g -ggdb   -I../deps/hiredis -I../deps/linenoise -I../deps/lua/src -DUSE_JEMALLOC -I../deps/jemalloc/include -c rio.c
printf '    %b %b\n' "\033[34m"CC"\033[0m" "\033[33m"rand.o"\033[0m" 1>&2;cc -std=c99 -pedantic -Wall -O2 -g -ggdb   -I../deps/hiredis -I../deps/linenoise -I../deps/lua/src -DUSE_JEMALLOC -I../deps/jemalloc/include -c rand.c
printf '    %b %b\n' "\033[34m"CC"\033[0m" "\033[33m"memtest.o"\033[0m" 1>&2;cc -std=c99 -pedantic -Wall -O2 -g -ggdb   -I../deps/hiredis -I../deps/linenoise -I../deps/lua/src -DUSE_JEMALLOC -I../deps/jemalloc/include -c memtest.c
printf '    %b %b\n' "\033[34m"CC"\033[0m" "\033[33m"crc64.o"\033[0m" 1>&2;cc -std=c99 -pedantic -Wall -O2 -g -ggdb   -I../deps/hiredis -I../deps/linenoise -I../deps/lua/src -DUSE_JEMALLOC -I../deps/jemalloc/include -c crc64.c
printf '    %b %b\n' "\033[34m"CC"\033[0m" "\033[33m"bitops.o"\033[0m" 1>&2;cc -std=c99 -pedantic -Wall -O2 -g -ggdb   -I../deps/hiredis -I../deps/linenoise -I../deps/lua/src -DUSE_JEMALLOC -I../deps/jemalloc/include -c bitops.c
printf '    %b %b\n' "\033[34m"CC"\033[0m" "\033[33m"sentinel.o"\033[0m" 1>&2;cc -std=c99 -pedantic -Wall -O2 -g -ggdb   -I../deps/hiredis -I../deps/linenoise -I../deps/lua/src -DUSE_JEMALLOC -I../deps/jemalloc/include -c sentinel.c
printf '    %b %b\n' "\033[34m"CC"\033[0m" "\033[33m"notify.o"\033[0m" 1>&2;cc -std=c99 -pedantic -Wall -O2 -g -ggdb   -I../deps/hiredis -I../deps/linenoise -I../deps/lua/src -DUSE_JEMALLOC -I../deps/jemalloc/include -c notify.c
printf '    %b %b\n' "\033[34m"CC"\033[0m" "\033[33m"setproctitle.o"\033[0m" 1>&2;cc -std=c99 -pedantic -Wall -O2 -g -ggdb   -I../deps/hiredis -I../deps/linenoise -I../deps/lua/src -DUSE_JEMALLOC -I../deps/jemalloc/include -c setproctitle.c
printf '    %b %b\n' "\033[34m"CC"\033[0m" "\033[33m"blocked.o"\033[0m" 1>&2;cc -std=c99 -pedantic -Wall -O2 -g -ggdb   -I../deps/hiredis -I../deps/linenoise -I../deps/lua/src -DUSE_JEMALLOC -I../deps/jemalloc/include -c blocked.c
printf '    %b %b\n' "\033[34m"CC"\033[0m" "\033[33m"hyperloglog.o"\033[0m" 1>&2;cc -std=c99 -pedantic -Wall -O2 -g -ggdb   -I../deps/hiredis -I../deps/linenoise -I../deps/lua/src -DUSE_JEMALLOC -I../deps/jemalloc/include -c hyperloglog.c
printf '    %b %b\n' "\033[34;1m"LINK"\033[0m" "\033[37;1m"redis-server"\033[0m" 1>&2;cc   -g -ggdb -rdynamic -o redis-server adlist.o ae.o anet.o dict.o redis.o sds.o zmalloc.o lzf_c.o lzf_d.o pqsort.o zipmap.o sha1.o ziplist.o release.o networking.o util.o object.o db.o replication.o rdb.o t_string.o t_list.o t_set.o t_zset.o t_hash.o config.o aof.o pubsub.o multi.o debug.o sort.o intset.o syncio.o cluster.o crc16.o endianconv.o slowlog.o scripting.o bio.o rio.o rand.o memtest.o crc64.o bitops.o sentinel.o notify.o setproctitle.o blocked.o hyperloglog.o ../deps/hiredis/libhiredis.a ../deps/lua/src/liblua.a -lm -pthread ../deps/jemalloc/lib/libjemalloc.a -ldl
printf '    %b %b\n' "\033[34;1m"INSTALL"\033[0m" "\033[37;1m"redis-sentinel"\033[0m" 1>&2;install redis-server redis-sentinel
printf '    %b %b\n' "\033[34m"CC"\033[0m" "\033[33m"redis-cli.o"\033[0m" 1>&2;cc -std=c99 -pedantic -Wall -O2 -g -ggdb   -I../deps/hiredis -I../deps/linenoise -I../deps/lua/src -DUSE_JEMALLOC -I../deps/jemalloc/include -c redis-cli.c
printf '    %b %b\n' "\033[34;1m"LINK"\033[0m" "\033[37;1m"redis-cli"\033[0m" 1>&2;cc   -g -ggdb -rdynamic -o redis-cli anet.o sds.o adlist.o redis-cli.o zmalloc.o release.o ae.o crc64.o ../deps/hiredis/libhiredis.a ../deps/linenoise/linenoise.o -lm -pthread ../deps/jemalloc/lib/libjemalloc.a -ldl
printf '    %b %b\n' "\033[34m"CC"\033[0m" "\033[33m"redis-benchmark.o"\033[0m" 1>&2;cc -std=c99 -pedantic -Wall -O2 -g -ggdb   -I../deps/hiredis -I../deps/linenoise -I../deps/lua/src -DUSE_JEMALLOC -I../deps/jemalloc/include -c redis-benchmark.c
printf '    %b %b\n' "\033[34;1m"LINK"\033[0m" "\033[37;1m"redis-benchmark"\033[0m" 1>&2;cc   -g -ggdb -rdynamic -o redis-benchmark ae.o anet.o redis-benchmark.o sds.o adlist.o zmalloc.o ../deps/hiredis/libhiredis.a -lm -pthread ../deps/jemalloc/lib/libjemalloc.a -ldl
printf '    %b %b\n' "\033[34m"CC"\033[0m" "\033[33m"redis-check-dump.o"\033[0m" 1>&2;cc -std=c99 -pedantic -Wall -O2 -g -ggdb   -I../deps/hiredis -I../deps/linenoise -I../deps/lua/src -DUSE_JEMALLOC -I../deps/jemalloc/include -c redis-check-dump.c
printf '    %b %b\n' "\033[34;1m"LINK"\033[0m" "\033[37;1m"redis-check-dump"\033[0m" 1>&2;cc   -g -ggdb -rdynamic -o redis-check-dump redis-check-dump.o lzf_c.o lzf_d.o crc64.o -lm -pthread ../deps/jemalloc/lib/libjemalloc.a -ldl
printf '    %b %b\n' "\033[34m"CC"\033[0m" "\033[33m"redis-check-aof.o"\033[0m" 1>&2;cc -std=c99 -pedantic -Wall -O2 -g -ggdb   -I../deps/hiredis -I../deps/linenoise -I../deps/lua/src -DUSE_JEMALLOC -I../deps/jemalloc/include -c redis-check-aof.c
printf '    %b %b\n' "\033[34;1m"LINK"\033[0m" "\033[37;1m"redis-check-aof"\033[0m" 1>&2;cc   -g -ggdb -rdynamic -o redis-check-aof redis-check-aof.o -lm -pthread ../deps/jemalloc/lib/libjemalloc.a -ldl
echo ""
echo "Hint: To run 'make test' is a good idea ;)"
echo ""
make[1]: Leaving directory '/home/xuegwu/work/Reading-and-comprehense-redis-cluster/redis-3.0/src'
make: Leaving directory '/home/xuegwu/work/Reading-and-comprehense-redis-cluster/redis-3.0'
 
